TN:
SF:D:/0_Diplomarbeit/BalanceIT/BalanceITUnityGame/Assets/SeilGame/Scripts/AnimationPlaceholder.cs
FN:13,Start()
FN:20,Update()
FNDA:0,Start()
FNDA:0,Update()
FNF:2
FNH:0
BRF:0
BRH:0
DA:13,0
DA:14,0
DA:16,0
DA:20,0
DA:21,0
DA:22,0
DA:23,0
DA:24,0
DA:26,0
DA:27,0
DA:28,0
DA:29,0
LH:0
LF:12
end_of_record
SF:D:/0_Diplomarbeit/BalanceIT/BalanceITUnityGame/Assets/BallGame/Scripts/BallScript.cs
FN:17,Start()
FN:25,Update()
FN:31,FixedUpdate()
FN:56,OnCollisionEnter(UnityEngine.Collision)
FNDA:0,Start()
FNDA:0,Update()
FNDA:0,FixedUpdate()
FNDA:0,OnCollisionEnter(UnityEngine.Collision)
FNF:4
FNH:0
BRF:0
BRH:0
DA:17,0
DA:18,0
DA:19,0
DA:20,0
DA:21,0
DA:25,0
DA:28,0
DA:31,0
DA:32,0
DA:33,0
DA:34,0
DA:35,0
DA:36,0
DA:38,0
DA:39,0
DA:40,0
DA:41,0
DA:42,0
DA:43,0
DA:44,0
DA:45,0
DA:46,0
DA:48,0
DA:49,0
DA:50,0
DA:51,0
DA:52,0
DA:53,0
DA:56,0
DA:57,0
DA:58,0
DA:59,0
DA:60,0
DA:61,0
LH:0
LF:34
end_of_record
SF:D:/0_Diplomarbeit/BalanceIT/BalanceITUnityGame/Assets/BallGame/Scripts/CameraScript.cs
FN:10,Start()
FN:16,Update()
FNDA:0,Start()
FNDA:0,Update()
FNF:2
FNH:0
BRF:0
BRH:0
DA:10,0
DA:11,0
DA:12,0
DA:16,0
DA:17,0
DA:18,0
LH:0
LF:6
end_of_record
SF:D:/0_Diplomarbeit/BalanceIT/BalanceITUnityGame/Assets/SeilGame/Scripts/Camera.cs
FN:10,Start()
FN:16,Update()
FNDA:0,Start()
FNDA:0,Update()
FNF:2
FNH:0
BRF:0
BRH:0
DA:10,0
DA:11,0
DA:12,0
DA:16,0
DA:17,0
DA:18,0
LH:0
LF:6
end_of_record
SF:D:/0_Diplomarbeit/BalanceIT/BalanceITUnityGame/Assets/MPUScript.cs
FN:38,Start()
FN:50,FixedUpdate()
FN:80,StartCalibration()
FN:129,TranslateMpuStream(System.String)
FN:9,MPUScript()
FN:20,MPUScript()
FNDA:0,Start()
FNDA:0,FixedUpdate()
FNDA:0,StartCalibration()
FNDA:0,TranslateMpuStream(System.String)
FNDA:0,MPUScript()
FNDA:0,MPUScript()
FNF:6
FNH:0
BRF:0
BRH:0
DA:9,0
DA:20,0
DA:24,0
DA:28,0
DA:29,0
DA:30,0
DA:31,0
DA:34,0
DA:38,0
DA:39,0
DA:40,0
DA:41,0
DA:43,0
DA:44,0
DA:45,0
DA:46,0
DA:50,0
DA:51,0
DA:52,0
DA:53,0
DA:54,0
DA:55,0
DA:57,0
DA:58,0
DA:59,0
DA:60,0
DA:61,0
DA:62,0
DA:63,0
DA:64,0
DA:67,0
DA:68,0
DA:69,0
DA:73,0
DA:74,0
DA:76,0
DA:77,0
DA:80,0
DA:81,0
DA:82,0
DA:84,0
DA:85,0
DA:86,0
DA:87,0
DA:89,0
DA:90,0
DA:91,0
DA:94,0
DA:95,0
DA:97,0
DA:98,0
DA:100,0
DA:101,0
DA:103,0
DA:104,0
DA:105,0
DA:107,0
DA:108,0
DA:110,0
DA:111,0
DA:112,0
DA:113,0
DA:114,0
DA:116,0
DA:117,0
DA:119,0
DA:120,0
DA:121,0
DA:122,0
DA:123,0
DA:125,0
DA:129,0
DA:130,0
DA:131,0
DA:132,0
DA:136,0
DA:137,0
DA:138,0
DA:141,0
DA:142,0
DA:143,0
DA:144,0
DA:145,0
DA:146,0
DA:148,0
DA:149,0
DA:150,0
DA:151,0
DA:152,0
DA:154,0
DA:155,0
DA:156,0
DA:157,0
DA:158,0
DA:159,0
DA:161,0
DA:162,0
DA:163,0
DA:164,0
DA:166,0
DA:168,0
DA:169,0
DA:170,0
DA:171,0
DA:172,0
DA:173,0
DA:175,0
DA:176,0
DA:177,0
DA:178,0
DA:179,0
DA:181,0
DA:182,0
DA:183,0
DA:186,0
DA:187,0
DA:201,0
LH:0
LF:117
end_of_record
SF:D:/0_Diplomarbeit/BalanceIT/BalanceITUnityGame/Assets/MPUScriptNew.cs
FN:17,Start()
FN:25,Update()
FN:8,MPUScriptNew()
FN:10,MPUScriptNew()
FNDA:0,Start()
FNDA:0,Update()
FNDA:0,MPUScriptNew()
FNDA:0,MPUScriptNew()
FNF:4
FNH:0
BRF:0
BRH:0
DA:8,0
DA:10,0
DA:11,0
DA:17,0
DA:18,0
DA:19,0
DA:20,0
DA:21,0
DA:25,0
DA:26,0
DA:28,0
DA:29,0
DA:30,0
DA:31,0
DA:32,0
DA:40,0
LH:0
LF:16
end_of_record
SF:D:/0_Diplomarbeit/BalanceIT/BalanceITUnityGame/Assets/BallGame/Scripts/PlatformScript.cs
FN:14,Start()
FN:41,FixedUpdate()
FN:50,NextPlatform()
FNDA:0,Start()
FNDA:0,FixedUpdate()
FNDA:0,NextPlatform()
FNF:3
FNH:0
BRF:0
BRH:0
DA:14,0
DA:15,0
DA:16,0
DA:41,0
DA:43,0
DA:44,0
DA:46,0
DA:47,0
DA:50,0
DA:52,0
LH:0
LF:10
end_of_record
SF:D:/0_Diplomarbeit/BalanceIT/BalanceITUnityGame/Assets/SeilGame/Scripts/PlayerSript.cs
FN:42,Start()
FN:56,Update()
FN:156,FixedUpdate()
FN:233,ResetPlayer()
FN:247,CreateWind(System.Int32)
FN:28,PlayerSript()
FNDA:0,Start()
FNDA:0,Update()
FNDA:0,FixedUpdate()
FNDA:0,ResetPlayer()
FNDA:0,CreateWind(System.Int32)
FNDA:0,PlayerSript()
FNF:6
FNH:0
BRF:0
BRH:0
DA:28,0
DA:33,0
DA:37,0
DA:42,0
DA:44,0
DA:45,0
DA:46,0
DA:47,0
DA:48,0
DA:49,0
DA:51,0
DA:52,0
DA:56,0
DA:59,0
DA:60,0
DA:61,0
DA:62,0
DA:63,0
DA:64,0
DA:65,0
DA:66,0
DA:67,0
DA:68,0
DA:69,0
DA:70,0
DA:72,0
DA:73,0
DA:74,0
DA:75,0
DA:76,0
DA:78,0
DA:79,0
DA:80,0
DA:81,0
DA:82,0
DA:84,0
DA:86,0
DA:87,0
DA:90,0
DA:91,0
DA:101,0
DA:103,0
DA:107,0
DA:108,0
DA:109,0
DA:113,0
DA:114,0
DA:115,0
DA:116,0
DA:117,0
DA:119,0
DA:120,0
DA:121,0
DA:122,0
DA:127,0
DA:128,0
DA:129,0
DA:131,0
DA:133,0
DA:134,0
DA:135,0
DA:137,0
DA:138,0
DA:145,0
DA:146,0
DA:147,0
DA:148,0
DA:149,0
DA:150,0
DA:151,0
DA:152,0
DA:156,0
DA:159,0
DA:160,0
DA:161,0
DA:162,0
DA:163,0
DA:164,0
DA:165,0
DA:167,0
DA:168,0
DA:169,0
DA:171,0
DA:172,0
DA:173,0
DA:174,0
DA:175,0
DA:176,0
DA:177,0
DA:178,0
DA:180,0
DA:181,0
DA:182,0
DA:183,0
DA:185,0
DA:186,0
DA:187,0
DA:188,0
DA:190,0
DA:191,0
DA:192,0
DA:193,0
DA:194,0
DA:197,0
DA:200,0
DA:201,0
DA:202,0
DA:203,0
DA:204,0
DA:205,0
DA:208,0
DA:209,0
DA:210,0
DA:211,0
DA:212,0
DA:214,0
DA:215,0
DA:219,0
DA:220,0
DA:221,0
DA:222,0
DA:223,0
DA:224,0
DA:225,0
DA:226,0
DA:227,0
DA:228,0
DA:230,0
DA:233,0
DA:234,0
DA:235,0
DA:236,0
DA:237,0
DA:238,0
DA:239,0
DA:240,0
DA:241,0
DA:243,0
DA:244,0
DA:247,0
DA:248,0
DA:249,0
DA:250,0
DA:251,0
DA:252,0
DA:254,0
DA:255,0
DA:256,0
DA:257,0
DA:259,0
DA:260,0
DA:263,0
DA:264,0
DA:265,0
DA:266,0
DA:267,0
DA:269,0
DA:270,0
DA:271,0
DA:272,0
DA:273,0
DA:275,0
DA:276,0
DA:277,0
DA:278,0
DA:282,0
LH:0
LF:166
end_of_record
SF:D:/0_Diplomarbeit/BalanceIT/BalanceITUnityGame/Assets/TutorialInfo/Scripts/Editor/ReadmeEditor.cs
FN:25,RemoveTutorial()
FN:55,SelectReadmeAutomatically()
FN:70,LoadLayout()
FN:78,SelectReadme()
FN:96,OnHeaderGUI()
FN:124,OnInspectorGUI()
FN:161,LinkStyle()
FN:169,TitleStyle()
FN:177,HeadingStyle()
FN:185,BodyStyle()
FN:193,ButtonStyle()
FN:200,Init()
FN:229,LinkLabel(UnityEngine.GUIContent, UnityEngine.GUILayoutOption[])
FN:13,ReadmeEditor()
FNDA:0,RemoveTutorial()
FNDA:0,SelectReadmeAutomatically()
FNDA:0,LoadLayout()
FNDA:0,SelectReadme()
FNDA:0,OnHeaderGUI()
FNDA:0,OnInspectorGUI()
FNDA:0,LinkStyle()
FNDA:0,TitleStyle()
FNDA:0,HeadingStyle()
FNDA:0,BodyStyle()
FNDA:0,ButtonStyle()
FNDA:0,Init()
FNDA:0,LinkLabel(UnityEngine.GUIContent, UnityEngine.GUILayoutOption[])
FNDA:0,ReadmeEditor()
FNF:14
FNH:0
BRF:0
BRH:0
DA:13,0
DA:15,0
DA:20,0
DA:21,0
DA:22,0
DA:25,0
DA:26,0
DA:31,0
DA:32,0
DA:33,0
DA:34,0
DA:35,0
DA:36,0
DA:38,0
DA:39,0
DA:40,0
DA:42,0
DA:43,0
DA:44,0
DA:45,0
DA:46,0
DA:47,0
DA:48,0
DA:50,0
DA:51,0
DA:52,0
DA:55,0
DA:56,0
DA:57,0
DA:58,0
DA:59,0
DA:61,0
DA:62,0
DA:63,0
DA:64,0
DA:65,0
DA:66,0
DA:67,0
DA:70,0
DA:71,0
DA:72,0
DA:73,0
DA:74,0
DA:75,0
DA:78,0
DA:79,0
DA:80,0
DA:81,0
DA:82,0
DA:84,0
DA:86,0
DA:89,0
DA:90,0
DA:91,0
DA:93,0
DA:96,0
DA:97,0
DA:98,0
DA:100,0
DA:102,0
DA:103,0
DA:104,0
DA:105,0
DA:106,0
DA:107,0
DA:108,0
DA:109,0
DA:110,0
DA:111,0
DA:113,0
DA:114,0
DA:115,0
DA:116,0
DA:117,0
DA:118,0
DA:119,0
DA:120,0
DA:121,0
DA:124,0
DA:125,0
DA:126,0
DA:128,0
DA:129,0
DA:130,0
DA:131,0
DA:132,0
DA:133,0
DA:135,0
DA:136,0
DA:137,0
DA:138,0
DA:140,0
DA:141,0
DA:142,0
DA:143,0
DA:144,0
DA:145,0
DA:146,0
DA:148,0
DA:149,0
DA:151,0
DA:152,0
DA:153,0
DA:154,0
DA:155,0
DA:161,0
DA:169,0
DA:177,0
DA:185,0
DA:193,0
DA:200,0
DA:201,0
DA:202,0
DA:203,0
DA:204,0
DA:205,0
DA:206,0
DA:208,0
DA:209,0
DA:211,0
DA:212,0
DA:213,0
DA:215,0
DA:216,0
DA:219,0
DA:220,0
DA:222,0
DA:223,0
DA:225,0
DA:226,0
DA:229,0
DA:230,0
DA:232,0
DA:233,0
DA:234,0
DA:235,0
DA:236,0
DA:238,0
DA:240,0
DA:241,0
LH:0
LF:140
end_of_record
SF:D:/0_Diplomarbeit/BalanceIT/BalanceITUnityGame/Assets/Tests/idfk.cs
FN:12,idfkSimplePasses()
FN:20,idfkWithEnumeratorPasses()
FNDA:1,idfkSimplePasses()
FNDA:1,idfkWithEnumeratorPasses()
FNF:2
FNH:2
BRF:0
BRH:0
DA:12,1
DA:14,1
DA:20,1
DA:23,1
DA:24,1
LH:5
LF:5
end_of_record
